[dotenv@17.2.3] injecting env (6) from .env -- tip: 🗂️ backup and recover secrets: https://dotenvx.com/ops
[dotenv@17.2.3] injecting env (0) from .env -- tip: ⚙️  override existing env vars with { override: true }
node:events:485
      throw er; // Unhandled 'error' event
      ^

Error: listen EPERM: operation not permitted 0.0.0.0:8080
    at Server.setupListenHandle [as _listen2] (node:net:1918:21)
    at listenInCluster (node:net:1997:12)
    at Server.listen (node:net:2102:7)
    at Object.<anonymous> (/Users/glycel_yvon/Desktop/FCM/nodejs journey/server.js:70:12)
    at Module._compile (node:internal/modules/cjs/loader:1692:14)
    at Object..js (node:internal/modules/cjs/loader:1824:10)
    at Module.load (node:internal/modules/cjs/loader:1427:32)
    at Module._load (node:internal/modules/cjs/loader:1250:12)
    at TracingChannel.traceSync (node:diagnostics_channel:322:14)
    at wrapModuleLoad (node:internal/modules/cjs/loader:235:24)
Emitted 'error' event on Server instance at:
    at emitErrorNT (node:net:1976:8)
    at process.processTicksAndRejections (node:internal/process/task_queues:90:21) {
  code: 'EPERM',
  errno: -1,
  syscall: 'listen',
  address: '0.0.0.0',
  port: 8080
}

Node.js v24.4.1
